
2017-08-22 21:59:44 ****** Comienzo página 1
2017-08-22 21:59:46 ****** Inserto publicación 272813537918
2017-08-22 21:59:47 ****** Inserto publicación 272813577122
2017-08-22 21:59:47 ****** Inserto publicación 282618396553
2017-08-22 21:59:47 ****** Inserto publicación 272802206320
2017-08-22 21:59:48 ****** Inserto publicación 272802200123
2017-08-22 21:59:48 ****** Inserto publicación 272789059893
2017-08-22 21:59:49 ****** Inserto publicación 282608214665
2017-08-22 21:59:49 ****** Inserto publicación 272802204830
2017-08-22 21:59:49 ****** Inserto publicación 272802727609
2017-08-22 21:59:50 ****** Inserto publicación 272802679854
2017-08-22 21:59:50 ****** Inserto publicación 272789062263
2017-08-22 21:59:51 ****** Inserto publicación 282611817978
2017-08-22 21:59:51 ****** Inserto publicación 272802301140
2017-08-22 21:59:51 ****** Inserto publicación 282608533697
2017-08-22 21:59:52 ****** Inserto publicación 282608214657
2017-08-22 21:59:52 ****** Inserto publicación 282608227951
2017-08-22 21:59:53 ****** Inserto publicación 282608214662
2017-08-22 21:59:53 ****** Inserto publicación 282608165867
2017-08-22 21:59:53 ****** Inserto publicación 272802204831
2017-08-22 21:59:54 ****** Inserto publicación 282608214652
2017-08-22 21:59:54 ****** Inserto publicación 272806207490
2017-08-22 21:59:55 ****** Inserto publicación 282608227943
2017-08-22 21:59:55 ****** Inserto publicación 282616864598
2017-08-22 21:59:55 ****** Inserto publicación 282608582905
2017-08-22 21:59:56 ****** Inserto publicación 282616864598
2017-08-22 21:59:56 ****** Inserto publicación 282608214654
2017-08-22 21:59:56 ****** Inserto publicación 282611815669
2017-08-22 21:59:57 ****** Inserto publicación 282618358744
2017-08-22 21:59:57 ****** Inserto publicación 272814299896
2017-08-22 21:59:57 ****** Inserto publicación 282608165859
2017-08-22 21:59:58 ****** Inserto publicación 272802273198
2017-08-22 21:59:58 ****** Inserto publicación 282611782315
2017-08-22 21:59:58 ****** Inserto publicación 282611806933
2017-08-22 21:59:59 ****** Inserto publicación 272802694565
2017-08-22 21:59:59 ****** Inserto publicación 272806207484
2017-08-22 21:59:59 ****** Inserto publicación 282608577383
2017-08-22 22:00:00 ****** Inserto publicación 272806159477
2017-08-22 22:00:00 ****** Inserto publicación 272802279983
2017-08-22 22:00:00 ****** Inserto publicación 272802279978
2017-08-22 22:00:01 ****** Inserto publicación 282619074258
2017-08-22 22:00:01 ****** Inserto publicación 282611815672
2017-08-22 22:00:02 ****** Inserto publicación 272806188370
2017-08-22 22:00:02 ****** Inserto publicación 272814324871
2017-08-22 22:00:02 ****** Inserto publicación 282611782302
2017-08-22 22:00:03 ****** Inserto publicación 272802194109
2017-08-22 22:00:03 ****** Inserto publicación 272806182086
2017-08-22 22:00:03 ****** Inserto publicación 282611815676
2017-08-22 22:00:04 ****** Inserto publicación 282611806931
2017-08-22 22:00:04 ****** Inserto publicación 272802301139
2017-08-22 22:00:04 ****** Inserto publicación 282611803205
2017-08-22 22:00:06 ****** Inserto publicación 282618348956
2017-08-22 22:00:06 ****** Inserto publicación 282597032007
2017-08-22 22:00:07 ****** Inserto publicación 272806180829
2017-08-22 22:00:07 ****** Inserto publicación 282611812000
2017-08-22 22:00:08 ****** Inserto publicación 272813525287
2017-08-22 22:00:08 ****** Inserto publicación 282618369289
2017-08-22 22:00:09 ****** Inserto publicación 272802698597
2017-08-22 22:00:09 ****** Inserto publicación 282608161708
2017-08-22 22:00:09 ****** Inserto publicación 272806157088
2017-08-22 22:00:10 ****** Inserto publicación 272802273182
2017-08-22 22:00:10 ****** Inserto publicación 282611782307
2017-08-22 22:00:10 ****** Inserto publicación 272802279980
2017-08-22 22:00:11 ****** Inserto publicación 272789059889
2017-08-22 22:00:11 ****** Inserto publicación 282618107763
2017-08-22 22:00:12 ****** Inserto publicación 272806201061
2017-08-22 22:00:12 ****** Inserto publicación 272813550517
2017-08-22 22:00:12 ****** Inserto publicación 282611817992
2017-08-22 22:00:13 ****** Inserto publicación 272802279969
2017-08-22 22:00:13 ****** Inserto publicación 282608580310
2017-08-22 22:00:14 ****** Inserto publicación 272802273176
2017-08-22 22:00:14 ****** Inserto publicación 272806201069
2017-08-22 22:00:14 ****** Inserto publicación 272813580448
2017-08-22 22:00:15 ****** Inserto publicación 282618338503
2017-08-22 22:00:15 ****** Inserto publicación 282618400698
2017-08-22 22:00:16 ****** Inserto publicación 282611815674
2017-08-22 22:00:16 ****** Inserto publicación 282614240970
2017-08-22 22:00:17 ****** Inserto publicación 282611786115
2017-08-22 22:00:17 ****** Inserto publicación 282611812001
2017-08-22 22:00:18 ****** Inserto publicación 272802204839
2017-08-22 22:00:18 ****** Inserto publicación 282611803203
2017-08-22 22:00:19 ****** Inserto publicación 272802204837
2017-08-22 22:00:19 ****** Inserto publicación 272806201079
2017-08-22 22:00:20 ****** Inserto publicación 282611803213
2017-08-22 22:00:20 ****** Inserto publicación 282617177026
2017-08-22 22:00:20 ****** Inserto publicación 272802202318
2017-08-22 22:00:21 ****** Inserto publicación 272802273184
2017-08-22 22:00:21 ****** Inserto publicación 282618168882
2017-08-22 22:00:22 ****** Inserto publicación 282611803225
2017-08-22 22:00:22 ****** Inserto publicación 282611803228
2017-08-22 22:00:22 ****** Inserto publicación 272802204840
2017-08-22 22:00:23 ****** Inserto publicación 272802279976
2017-08-22 22:00:23 ****** Inserto publicación 272813563213
2017-08-22 22:00:23 ****** Inserto publicación 282618122262
2017-08-22 22:00:24 ****** Inserto publicación 282608158828
2017-08-22 22:00:24 ****** Inserto publicación 282608505442
2017-08-22 22:00:25 ****** Inserto publicación 272806157087
2017-08-22 22:00:25 ****** Inserto publicación 282611782303
2017-08-22 22:00:26 ****** Inserto publicación 282608161709
2017-08-22 22:00:26 ****** Inserto publicación 282608540642
2017-08-22 22:00:26 ****** Inserto publicación 282611812003
2017-08-22 22:00:26 ****** Proceso terminado 
2017-08-22 22:00:26 ****** Updates :0
2017-08-22 22:00:26 ****** Inserts :100
2017-08-22 22:00:26 ****** Comienzo página 2
2017-08-22 22:00:28 ****** Inserto publicación 272806180820
2017-08-22 22:00:29 ****** Inserto publicación 272802273179
2017-08-22 22:00:29 ****** Inserto publicación 282617200891
2017-08-22 22:00:30 ****** Inserto publicación 282608161715
2017-08-22 22:00:30 ****** Inserto publicación 282470384410
2017-08-22 22:00:30 ****** Inserto publicación 282608227958
2017-08-22 22:00:31 ****** Inserto publicación 282608161712
2017-08-22 22:00:31 ****** Inserto publicación 282611792142
2017-08-22 22:00:32 ****** Inserto publicación 272802301137
2017-08-22 22:00:32 ****** Inserto publicación 272802194105
2017-08-22 22:00:32 ****** Inserto publicación 272802194106
2017-08-22 22:00:33 ****** Inserto publicación 282608210489
2017-08-22 22:00:34 ****** Inserto publicación 282608214659
2017-08-22 22:00:34 ****** Inserto publicación 272806207486
2017-08-22 22:00:35 ****** Inserto publicación 282611812004
2017-08-22 22:00:35 ****** Inserto publicación 282597033602
2017-08-22 22:00:36 ****** Inserto publicación 282611786116
2017-08-22 22:00:36 ****** Inserto publicación 282611803211
2017-08-22 22:00:36 ****** Inserto publicación 272802197329
2017-08-22 22:00:37 ****** Inserto publicación 282611803202
2017-08-22 22:00:37 ****** Inserto publicación 272802273188
2017-08-22 22:00:37 ****** Inserto publicación 272812305550
2017-08-22 22:00:38 ****** Inserto publicación 282608158827
2017-08-22 22:00:38 ****** Inserto publicación 282611803207
2017-08-22 22:00:39 ****** Inserto publicación 282608156921
2017-08-22 22:00:39 ****** Inserto publicación 282608156924
2017-08-22 22:00:39 ****** Inserto publicación 282618098943
2017-08-22 22:00:40 ****** Inserto publicación 272806180826
2017-08-22 22:00:40 ****** Inserto publicación 282608165856
2017-08-22 22:00:41 ****** Inserto publicación 272789059896
2017-08-22 22:00:41 ****** Inserto publicación 282608165858
2017-08-22 22:00:42 ****** Inserto publicación 282608165860
2017-08-22 22:00:42 ****** Inserto publicación 282608165864
2017-08-22 22:00:42 ****** Inserto publicación 272802273183
2017-08-22 22:00:43 ****** Inserto publicación 272802301154
2017-08-22 22:00:43 ****** Inserto publicación 282608158824
2017-08-22 22:00:43 ****** Inserto publicación 272806194288
2017-08-22 22:00:44 ****** Inserto publicación 272802273178
2017-08-22 22:00:45 ****** Inserto publicación 282611803221
2017-08-22 22:00:45 ****** Inserto publicación 282611803208
2017-08-22 22:00:45 ****** Inserto publicación 282611782314
2017-08-22 22:00:46 ****** Inserto publicación 282611794049
2017-08-22 22:00:47 ****** Inserto publicación 282611786114
2017-08-22 22:00:48 ****** Inserto publicación 272802279984
2017-08-22 22:00:48 ****** Inserto publicación 272802194108
2017-08-22 22:00:48 ****** Inserto publicación 272802301141
2017-08-22 22:00:49 ****** Inserto publicación 282608210487
2017-08-22 22:00:49 ****** Inserto publicación 282608210484
2017-08-22 22:00:50 ****** Inserto publicación 272789059891
2017-08-22 22:00:50 ****** Inserto publicación 272802301146
2017-08-22 22:00:50 ****** Inserto publicación 282608165863
2017-08-22 22:00:51 ****** Inserto publicación 282611803199
2017-08-22 22:00:52 ****** Inserto publicación 272802301147
2017-08-22 22:00:52 ****** Inserto publicación 272802197326
2017-08-22 22:00:52 ****** Inserto publicación 282608494727
2017-08-22 22:00:53 ****** Inserto publicación 282608165865
2017-08-22 22:00:53 ****** Inserto publicación 272802194114
2017-08-22 22:00:53 ****** Inserto publicación 272789059885
2017-08-22 22:00:54 ****** Inserto publicación 282608482040
2017-08-22 22:00:54 ****** Inserto publicación 272802197330
2017-08-22 22:00:54 ****** Inserto publicación 272812160668
2017-08-22 22:00:55 ****** Inserto publicación 272802194110
2017-08-22 22:00:55 ****** Inserto publicación 282611803227
2017-08-22 22:00:56 ****** Inserto publicación 272802204836
2017-08-22 22:00:56 ****** Inserto publicación 282608156922
2017-08-22 22:00:56 ****** Inserto publicación 272802617876
2017-08-22 22:00:57 ****** Inserto publicación 272802301134
2017-08-22 22:00:57 ****** Inserto publicación 282611811997
2017-08-22 22:00:58 ****** Inserto publicación 272802197332
2017-08-22 22:00:58 ****** Inserto publicación 282608214660
2017-08-22 22:00:58 ****** Inserto publicación 272802194104
2017-08-22 22:00:59 ****** Inserto publicación 282608156923
2017-08-22 22:00:59 ****** Inserto publicación 282608227953
2017-08-22 22:01:00 ****** Inserto publicación 272802197328
2017-08-22 22:01:00 ****** Inserto publicación 272802301136
2017-08-22 22:01:01 ****** Inserto publicación 272802194107
2017-08-22 22:01:01 ****** Inserto publicación 272802194111
2017-08-22 22:01:02 ****** Inserto publicación 272802200120
2017-08-22 22:01:02 ****** Inserto publicación 282608156920
2017-08-22 22:01:02 ****** Inserto publicación 282608227949
2017-08-22 22:01:03 ****** Inserto publicación 282608156919
2017-08-22 22:01:03 ****** Inserto publicación 272802204842
2017-08-22 22:01:04 ****** Inserto publicación 282608165871
2017-08-22 22:01:04 ****** Inserto publicación 282611806935
2017-08-22 22:01:04 ****** Inserto publicación 272802638267
2017-08-22 22:01:05 ****** Inserto publicación 282608165862
2017-08-22 22:01:05 ****** Inserto publicación 272802301145
2017-08-22 22:01:06 ****** Inserto publicación 282608214653
2017-08-22 22:01:06 ****** Inserto publicación 282597033609
2017-08-22 22:01:07 ****** Inserto publicación 282608163438
2017-08-22 22:01:07 ****** Inserto publicación 282608210493
2017-08-22 22:01:08 ****** Inserto publicación 272802204841
2017-08-22 22:01:08 ****** Inserto publicación 272802273181
2017-08-22 22:01:08 ****** Inserto publicación 272802204838
2017-08-22 22:01:09 ****** Inserto publicación 282611782305
2017-08-22 22:01:09 ****** Inserto publicación 282608158826
2017-08-22 22:01:09 ****** Inserto publicación 272802204833
2017-08-22 22:01:10 ****** Inserto publicación 272458998247
2017-08-22 22:01:10 ****** Inserto publicación 272806160143
2017-08-22 22:01:11 ****** Inserto publicación 282617183684
2017-08-22 22:01:11 ****** Proceso terminado 
2017-08-22 22:01:11 ****** Updates :0
2017-08-22 22:01:11 ****** Inserts :200
2017-08-22 22:01:11 ****** Comienzo página 3
2017-08-22 22:01:12 ****** Inserto publicación 272812958399
2017-08-22 22:01:13 ****** Inserto publicación 282608161713
2017-08-22 22:01:13 ****** Inserto publicación 272806188375
2017-08-22 22:01:13 ****** Inserto publicación 272806201074
2017-08-22 22:01:14 ****** Inserto publicación 272806160144
2017-08-22 22:01:14 ****** Inserto publicación 272802204834
2017-08-22 22:01:15 ****** Inserto publicación 282611812006
2017-08-22 22:01:15 ****** Inserto publicación 282611806932
2017-08-22 22:01:16 ****** Inserto publicación 272806157093
2017-08-22 22:01:16 ****** Inserto publicación 272802301133
2017-08-22 22:01:17 ****** Inserto publicación 272812149294
2017-08-22 22:01:17 ****** Inserto publicación 282611804354
2017-08-22 22:01:18 ****** Inserto publicación 282617196616
2017-08-22 22:01:18 ****** Inserto publicación 272802609896
2017-08-22 22:01:18 ****** Inserto publicación 272802204832
2017-08-22 22:01:19 ****** Inserto publicación 272806159478
2017-08-22 22:01:19 ****** Inserto publicación 282611782301
2017-08-22 22:01:19 ****** Inserto publicación 272806180815
2017-08-22 22:01:20 ****** Inserto publicación 272802301148
2017-08-22 22:01:20 ****** Inserto publicación 282618082569
2017-08-22 22:01:21 ****** Inserto publicación 272808969317
2017-08-22 22:01:21 ****** Inserto publicación 272813223020
2017-08-22 22:01:21 ****** Inserto publicación 272812992932
2017-08-22 22:01:22 ****** Inserto publicación 282611782309
2017-08-22 22:01:22 ****** Inserto publicación 272813219736
2017-08-22 22:01:23 ****** Inserto publicación 282611786112
2017-08-22 22:01:24 ****** Inserto publicación 272806157089
2017-08-22 22:01:24 ****** Inserto publicación 282618077105
2017-08-22 22:01:24 ****** Inserto publicación 272802279974
2017-08-22 22:01:25 ****** Inserto publicación 282611786118
2017-08-22 22:01:25 ****** Inserto publicación 282608227945
2017-08-22 22:01:26 ****** Inserto publicación 272802279970
2017-08-22 22:01:26 ****** Inserto publicación 272806157091
2017-08-22 22:01:27 ****** Inserto publicación 272806160937
2017-08-22 22:01:27 ****** Inserto publicación 282617267129
2017-08-22 22:01:28 ****** Inserto publicación 282608227957
2017-08-22 22:01:28 ****** Inserto publicación 272812379005
2017-08-22 22:01:29 ****** Inserto publicación 272802197331
2017-08-22 22:01:29 ****** Inserto publicación 272812976399
2017-08-22 22:01:29 ****** Inserto publicación 282618084670
2017-08-22 22:01:30 ****** Inserto publicación 282617362530
2017-08-22 22:01:30 ****** Inserto publicación 282608227948
2017-08-22 22:01:31 ****** Inserto publicación 272812134949
2017-08-22 22:01:31 ****** Inserto publicación 282608158825
2017-08-22 22:01:32 ****** Inserto publicación 282611782311
2017-08-22 22:01:33 ****** Inserto publicación 272806194286
2017-08-22 22:01:33 ****** Inserto publicación 272806157090
2017-08-22 22:01:34 ****** Inserto publicación 282611786113
2017-08-22 22:01:34 ****** Inserto publicación 282617896635
2017-08-22 22:01:35 ****** Inserto publicación 272813279652
2017-08-22 22:01:35 ****** Inserto publicación 272806159476
2017-08-22 22:01:35 ****** Inserto publicación 272806159475
2017-08-22 22:01:36 ****** Inserto publicación 272812386344
2017-08-22 22:01:36 ****** Inserto publicación 282617899595
2017-08-22 22:01:37 ****** Inserto publicación 282611782308
2017-08-22 22:01:37 ****** Inserto publicación 282611812002
2017-08-22 22:01:37 ****** Inserto publicación 282611782312
2017-08-22 22:01:38 ****** Inserto publicación 272808969318
2017-08-22 22:01:38 ****** Inserto publicación 272806157082
2017-08-22 22:01:39 ****** Inserto publicación 282608167139
2017-08-22 22:01:39 ****** Inserto publicación 282608214661
2017-08-22 22:01:39 ****** Inserto publicación 272802280021
2017-08-22 22:01:40 ****** Inserto publicación 282608163440
2017-08-22 22:01:40 ****** Inserto publicación 272802301150
2017-08-22 22:01:40 ****** Inserto publicación 272806201072
2017-08-22 22:01:41 ****** Inserto publicación 272802279981
2017-08-22 22:01:41 ****** Inserto publicación 272802301151
2017-08-22 22:01:41 ****** Inserto publicación 282608227947
2017-08-22 22:01:42 ****** Inserto publicación 272802206312
2017-08-22 22:01:42 ****** Inserto publicación 272802202319
2017-08-22 22:01:43 ****** Inserto publicación 282608165861
2017-08-22 22:01:43 ****** Inserto publicación 272806203596
2017-08-22 22:01:44 ****** Inserto publicación 272802301132
2017-08-22 22:01:44 ****** Inserto publicación 282611803218
2017-08-22 22:01:45 ****** Inserto publicación 272806201083
2017-08-22 22:01:45 ****** Inserto publicación 282611817979
2017-08-22 22:01:45 ****** Inserto publicación 282611803200
2017-08-22 22:01:46 ****** Inserto publicación 282611803215
2017-08-22 22:01:46 ****** Inserto publicación 282611782310
2017-08-22 22:01:47 ****** Inserto publicación 272806157084
2017-08-22 22:01:47 ****** Proceso terminado 
2017-08-22 22:01:47 ****** Updates :0
2017-08-22 22:01:47 ****** Inserts :280